C:\DS\PROJRCT DATA FINAL\DATA_PROJECT\RESTAURANT\DEBUG\CMUGRAPHICS.OBJ
C:\DS\PROJRCT DATA FINAL\DATA_PROJECT\RESTAURANT\DEBUG\COLORS.OBJ
C:\DS\PROJRCT DATA FINAL\DATA_PROJECT\RESTAURANT\DEBUG\IMAGE.OBJ
C:\DS\PROJRCT DATA FINAL\DATA_PROJECT\RESTAURANT\DEBUG\KEYQUEUE.OBJ
C:\DS\PROJRCT DATA FINAL\DATA_PROJECT\RESTAURANT\DEBUG\MOUSEQUEUE.OBJ
C:\DS\PROJRCT DATA FINAL\DATA_PROJECT\RESTAURANT\DEBUG\WINDOWINPUT.OBJ
C:\DS\PROJRCT DATA FINAL\DATA_PROJECT\RESTAURANT\DEBUG\DEMO_MAIN.OBJ
C:\DS\PROJRCT DATA FINAL\DATA_PROJECT\RESTAURANT\DEBUG\EVENT.OBJ
C:\DS\PROJRCT DATA FINAL\DATA_PROJECT\RESTAURANT\DEBUG\GUI.OBJ
C:\DS\PROJRCT DATA FINAL\DATA_PROJECT\RESTAURANT\DEBUG\PROMOTIONEVENT.OBJ
C:\DS\PROJRCT DATA FINAL\DATA_PROJECT\RESTAURANT\DEBUG\COOK.OBJ
C:\DS\PROJRCT DATA FINAL\DATA_PROJECT\RESTAURANT\DEBUG\ORDER.OBJ
C:\DS\PROJRCT DATA FINAL\DATA_PROJECT\RESTAURANT\DEBUG\RESTAURANT.OBJ
C:\DS\PROJRCT DATA FINAL\DATA_PROJECT\RESTAURANT\DEBUG\VC110.PDB
C:\DS\projrct data final\Data_Project\Restaurant\Debug\CMUgraphics.obj
C:\DS\projrct data final\Data_Project\Restaurant\Debug\colors.obj
C:\DS\projrct data final\Data_Project\Restaurant\Debug\Cook.obj
C:\DS\projrct data final\Data_Project\Restaurant\Debug\Demo_Main.obj
C:\DS\projrct data final\Data_Project\Restaurant\Debug\Event.obj
C:\DS\projrct data final\Data_Project\Restaurant\Debug\GUI.obj
C:\DS\projrct data final\Data_Project\Restaurant\Debug\image.obj
C:\DS\projrct data final\Data_Project\Restaurant\Debug\keyqueue.obj
C:\DS\projrct data final\Data_Project\Restaurant\Debug\mousequeue.obj
C:\DS\projrct data final\Data_Project\Restaurant\Debug\Order.obj
C:\DS\projrct data final\Data_Project\Restaurant\Debug\PromotionEvent.obj
C:\DS\projrct data final\Data_Project\Restaurant\Debug\Restaurant.obj
C:\DS\projrct data final\Data_Project\Restaurant\Debug\windowinput.obj
C:\DS\projrct data final\Data_Project\Restaurant\Debug\cl.command.1.tlog
C:\DS\projrct data final\Data_Project\Restaurant\Debug\CL.read.1.tlog
C:\DS\projrct data final\Data_Project\Restaurant\Debug\CL.write.1.tlog
C:\DS\projrct data final\Data_Project\Restaurant\Debug\vc110.idb
C:\DS\projrct data final\Data_Project\Restaurant\Debug\vc110.pdb
