Build started 5/22/2020 1:11:54 AM.
     1>Project "C:\DS\projrct data final\Data_Project\Restaurant\Restaurant.vcxproj" on node 2 (Build target(s)).
       Project file contains ToolsVersion="14.0". This toolset may be unknown or missing, in which case you may be able to resolve this by installing the appropriate version of MSBuild, or the build may have been forced to a particular ToolsVersion for policy reasons. Treating the project as if it had ToolsVersion="4.0". For more information, please see http://go.microsoft.com/fwlink/?LinkId=291333.
     1>ClCompile:
         C:\Program Files (x86)\Microsoft Visual Studio 11.0\VC\bin\CL.exe /c /ZI /nologo /W3 /WX- /Od /Oy- /D WIN32 /D _DEBUG /D _CONSOLE /D _MBCS /Gm /EHsc /RTC1 /MDd /GS /fp:precise /Zc:wchar_t /Zc:forScope /Fo"Debug\\" /Fd"Debug\vc110.pdb" /Gd /TP /analyze- /errorReport:prompt Rest\Restaurant.cpp
         Restaurant.cpp
     1>c:\ds\projrct data final\data_project\restaurant\rest\restaurant.cpp(377): warning C4101: 'gettingserviced' : unreferenced local variable
     1>c:\ds\projrct data final\data_project\restaurant\rest\restaurant.cpp(852): warning C4101: 'gettingserviced' : unreferenced local variable
       Link:
         C:\Program Files (x86)\Microsoft Visual Studio 11.0\VC\bin\link.exe /ERRORREPORT:PROMPT /OUT:"C:\DS\projrct data final\Data_Project\Debug\Restaurant.exe" /INCREMENTAL /NOLOGO kernel32.lib user32.lib gdi32.lib winspool.lib comdlg32.lib advapi32.lib shell32.lib ole32.lib oleaut32.lib uuid.lib odbc32.lib odbccp32.lib /MANIFEST /MANIFESTUAC:"level='asInvoker' uiAccess='false'" /manifest:embed /DEBUG /PDB:"C:\DS\projrct data final\Data_Project\Debug\Restaurant.pdb" /SUBSYSTEM:CONSOLE /TLBID:1 /DYNAMICBASE /NXCOMPAT /IMPLIB:"C:\DS\projrct data final\Data_Project\Debug\Restaurant.lib" /MACHINE:X86 Debug\CancellationEvent.obj
         Debug\CMUgraphics.obj
         Debug\colors.obj
         Debug\image.obj
         Debug\jpegload.obj
         Debug\jcomapi.obj
         Debug\jcparam.obj
         Debug\jdapimin.obj
         Debug\jdapistd.obj
         Debug\jdatasrc.obj
         Debug\jdcoefct.obj
         Debug\jdcolor.obj
         Debug\jddctmgr.obj
         Debug\jdhuff.obj
         Debug\jdinput.obj
         Debug\jdmainct.obj
         Debug\jdmarker.obj
         Debug\jdmaster.obj
         Debug\jdmerge.obj
         Debug\jdphuff.obj
         Debug\jdpostct.obj
         Debug\jdsample.obj
         Debug\jdtrans.obj
         Debug\jerror.obj
         Debug\jidctflt.obj
         Debug\jidctfst.obj
         Debug\jidctint.obj
         Debug\jidctred.obj
         Debug\jmemmgr.obj
         Debug\jmemnobs.obj
         Debug\jquant1.obj
         Debug\jquant2.obj
         Debug\jutils.obj
         Debug\keyqueue.obj
         Debug\mousequeue.obj
         Debug\windowinput.obj
         Debug\Demo_Main.obj
         Debug\Event.obj
         Debug\ArrivalEvent.obj
         Debug\GUI.obj
         Debug\PromotionEvent.obj
         Debug\Cook.obj
         Debug\Order.obj
         Debug\Restaurant.obj
         Restaurant.vcxproj -> C:\DS\projrct data final\Data_Project\Debug\Restaurant.exe
     1>Done Building Project "C:\DS\projrct data final\Data_Project\Restaurant\Restaurant.vcxproj" (Build target(s)).

Build succeeded.

Time Elapsed 00:00:03.05
